<?xml version="1.0" encoding="UTF-8"?>
<!-- Generated by org.testng.reporters.JUnitReportReporter -->
<testsuite hostname="LAPTOP-N6849G24" failures="0" tests="2" name="com.qa.tests.ProductTests" time="0.000" errors="0" timestamp="2024-05-15T13:13:43 IST" skipped="2">
  <testcase classname="com.qa.tests.ProductTests" name="validateProductOnProductsPage" time="0.000">
    <skipped/>
  </testcase> <!-- validateProductOnProductsPage -->
  <testcase classname="com.qa.tests.ProductTests" name="validateProductOnProductDetailsPage" time="0.000">
    <skipped/>
  </testcase> <!-- validateProductOnProductDetailsPage -->
</testsuite> <!-- com.qa.tests.ProductTests -->
